0 info it worked if it ends with ok
1 verbose cli [ 'node', '/usr/local/bin/npm', 'start' ]
2 info using npm@2.7.5
3 info using node@v0.12.2
4 verbose node symlink /usr/local/bin/node
5 verbose run-script [ 'prestart', 'start', 'poststart' ]
6 info prestart OCSRoller@1.0.0
7 info start OCSRoller@1.0.0
8 verbose unsafe-perm in lifecycle true
9 info OCSRoller@1.0.0 Failed to exec start script
10 verbose stack Error: OCSRoller@1.0.0 start: `node app.js`
10 verbose stack Exit status 1
10 verbose stack     at EventEmitter.<anonymous> (/usr/local/lib/node_modules/npm/lib/utils/lifecycle.js:213:16)
10 verbose stack     at EventEmitter.emit (events.js:110:17)
10 verbose stack     at ChildProcess.<anonymous> (/usr/local/lib/node_modules/npm/lib/utils/spawn.js:14:12)
10 verbose stack     at ChildProcess.emit (events.js:110:17)
10 verbose stack     at maybeClose (child_process.js:1015:16)
10 verbose stack     at Process.ChildProcess._handle.onexit (child_process.js:1087:5)
11 verbose pkgid OCSRoller@1.0.0
12 verbose cwd /Users/philiplauffenburger/Documents/Coding/OCSRoller/OCSRoller
13 error Darwin 14.4.0
14 error argv "node" "/usr/local/bin/npm" "start"
15 error node v0.12.2
16 error npm  v2.7.5
17 error code ELIFECYCLE
18 error OCSRoller@1.0.0 start: `node app.js`
18 error Exit status 1
19 error Failed at the OCSRoller@1.0.0 start script 'node app.js'.
19 error This is most likely a problem with the OCSRoller package,
19 error not with npm itself.
19 error Tell the author that this fails on your system:
19 error     node app.js
19 error You can get their info via:
19 error     npm owner ls OCSRoller
19 error There is likely additional logging output above.
20 verbose exit [ 1, true ]
